<?xml version="1.0" encoding="UTF-8"?>
<testsuite xmlns:xsi="http://www.w3.org/2001/XMLSchema-instance" xsi:noNamespaceSchemaLocation="https://maven.apache.org/surefire/maven-surefire-plugin/xsd/surefire-test-report.xsd" name="cucumber.Options.TestRunner" time="4.88" tests="8" errors="0" skipped="0" failures="0">
  <properties>
[...]
</properties>
  <testcase name="Verify all users are being retruned by GetUsers API" classname="Validating Users API" time="2.955"/>
  <testcase name="Verify the list of London users" classname="Validating Users API" time="0.192"/>
  <testcase name="Verify the all London users are being returned by GetUserByIdAPI #1" classname="Validating Users API" time="0.199"/>
  <testcase name="Verify the all London users are being returned by GetUserByIdAPI #2" classname="Validating Users API" time="0.203"/>
  <testcase name="Verify the all London users are being returned by GetUserByIdAPI #3" classname="Validating Users API" time="0.177"/>
  <testcase name="Verify the all London users are being returned by GetUserByIdAPI #4" classname="Validating Users API" time="0.191"/>
  <testcase name="Verify the all London users are being returned by GetUserByIdAPI #5" classname="Validating Users API" time="0.167"/>
  <testcase name="Verify the all London users are being returned by GetUserByIdAPI #6" classname="Validating Users API" time="0.171"/>
</testsuite>